2024-01-26 11:37:06,039 INFO: Microblog startup [in C:\Users\15135\Documents\microblog\app\__init__.py:42]
2024-01-27 16:44:49,743 INFO: Microblog startup [in C:\Users\15135\Documents\microblog\app\__init__.py:42]
2024-01-27 16:46:09,197 INFO: Microblog startup [in C:\Users\15135\Documents\microblog\app\__init__.py:42]
2024-01-27 16:46:51,743 INFO: Microblog startup [in C:\Users\15135\Documents\microblog\app\__init__.py:42]
2024-01-27 16:47:54,382 INFO: Microblog startup [in C:\Users\15135\Documents\microblog\app\__init__.py:42]
2024-01-27 16:48:47,180 INFO: Microblog startup [in C:\Users\15135\Documents\microblog\app\__init__.py:42]
2024-01-27 16:57:25,233 INFO: Microblog startup [in C:\Users\15135\Documents\microblog\app\__init__.py:42]
2024-01-28 15:12:19,532 INFO: Microblog startup [in C:\Users\15135\Documents\microblog\app\__init__.py:43]
2024-01-28 15:23:25,014 INFO: Microblog startup [in C:\Users\15135\Documents\microblog\app\__init__.py:46]
2024-01-28 15:26:14,741 INFO: Microblog startup [in C:\Users\15135\Documents\microblog\app\__init__.py:46]
2024-01-28 16:50:37,485 INFO: Microblog startup [in C:\Users\15135\Documents\microblog\app\__init__.py:46]
2024-01-28 20:15:30,221 INFO: Microblog startup [in C:\Users\15135\Documents\microblog\app\__init__.py:46]
2024-01-29 10:38:24,296 INFO: Microblog startup [in C:\Users\15135\Documents\microblog\app\__init__.py:45]
2024-01-29 10:55:58,933 INFO: Microblog startup [in C:\Users\15135\Documents\microblog\app\__init__.py:45]
2024-01-29 10:56:03,965 INFO: Microblog startup [in C:\Users\15135\Documents\microblog\app\__init__.py:45]
2024-01-29 10:58:25,808 INFO: Microblog startup [in C:\Users\15135\Documents\microblog\app\__init__.py:45]
2024-01-29 11:02:22,252 INFO: Microblog startup [in C:\Users\15135\Documents\microblog\app\__init__.py:45]
2024-01-29 11:09:20,962 INFO: Microblog startup [in C:\Users\15135\Documents\microblog\app\__init__.py:45]
2024-01-29 11:36:55,214 INFO: Microblog startup [in C:\Users\15135\Documents\microblog\app\__init__.py:45]
2024-01-29 11:37:01,461 INFO: Microblog startup [in C:\Users\15135\Documents\microblog\app\__init__.py:45]
2024-01-29 11:44:21,958 INFO: Microblog startup [in C:\Users\15135\Documents\microblog\app\__init__.py:45]
2024-01-29 11:44:29,394 INFO: Microblog startup [in C:\Users\15135\Documents\microblog\app\__init__.py:45]
2024-01-29 11:45:30,785 INFO: Microblog startup [in C:\Users\15135\Documents\microblog\app\__init__.py:45]
2024-01-29 11:45:50,351 INFO: Microblog startup [in C:\Users\15135\Documents\microblog\app\__init__.py:45]
2024-01-29 11:47:50,762 INFO: Microblog startup [in C:\Users\15135\Documents\microblog\app\__init__.py:45]
2024-01-29 11:48:02,054 INFO: Microblog startup [in C:\Users\15135\Documents\microblog\app\__init__.py:45]
2024-01-29 11:51:34,139 INFO: Microblog startup [in C:\Users\15135\Documents\microblog\app\__init__.py:45]
2024-01-29 11:51:50,540 INFO: Microblog startup [in C:\Users\15135\Documents\microblog\app\__init__.py:45]
2024-01-29 11:51:57,637 INFO: Microblog startup [in C:\Users\15135\Documents\microblog\app\__init__.py:45]
2024-01-29 11:53:39,216 INFO: Microblog startup [in C:\Users\15135\Documents\microblog\app\__init__.py:45]
2024-01-29 11:53:43,719 INFO: Microblog startup [in C:\Users\15135\Documents\microblog\app\__init__.py:45]
2024-01-29 12:16:57,791 INFO: Microblog startup [in C:\Users\15135\Documents\microblog\app\__init__.py:45]
2024-01-29 12:17:03,436 INFO: Microblog startup [in C:\Users\15135\Documents\microblog\app\__init__.py:45]
2024-01-29 12:20:44,584 INFO: Microblog startup [in C:\Users\15135\Documents\microblog\app\__init__.py:46]
2024-01-29 12:22:05,572 INFO: Microblog startup [in C:\Users\15135\Documents\microblog\app\__init__.py:46]
2024-01-29 12:23:42,808 INFO: Microblog startup [in C:\Users\15135\Documents\microblog\app\__init__.py:46]
2024-01-29 12:29:22,120 INFO: Microblog startup [in C:\Users\15135\Documents\microblog\app\__init__.py:46]
2024-01-29 12:33:45,639 INFO: Microblog startup [in C:\Users\15135\Documents\microblog\app\__init__.py:46]
2024-01-29 12:34:34,933 INFO: Microblog startup [in C:\Users\15135\Documents\microblog\app\__init__.py:46]
2024-01-29 12:34:38,236 INFO: Microblog startup [in C:\Users\15135\Documents\microblog\app\__init__.py:46]
2024-01-29 16:41:26,636 INFO: Microblog startup [in C:\Users\15135\Documents\microblog\app\__init__.py:46]
2024-01-29 16:41:43,227 ERROR: Exception on /login [GET] [in C:\Users\15135\Documents\microblog\Lib\site-packages\flask\app.py:825]
Traceback (most recent call last):
  File "C:\Users\15135\Documents\microblog\Lib\site-packages\flask\app.py", line 1455, in wsgi_app
    response = self.full_dispatch_request()
               ^^^^^^^^^^^^^^^^^^^^^^^^^^^^
  File "C:\Users\15135\Documents\microblog\Lib\site-packages\flask\app.py", line 869, in full_dispatch_request
    rv = self.handle_user_exception(e)
         ^^^^^^^^^^^^^^^^^^^^^^^^^^^^^
  File "C:\Users\15135\Documents\microblog\Lib\site-packages\flask\app.py", line 867, in full_dispatch_request
    rv = self.dispatch_request()
         ^^^^^^^^^^^^^^^^^^^^^^^
  File "C:\Users\15135\Documents\microblog\Lib\site-packages\flask\app.py", line 852, in dispatch_request
    return self.ensure_sync(self.view_functions[rule.endpoint])(**view_args)
           ^^^^^^^^^^^^^^^^^^^^^^^^^^^^^^^^^^^^^^^^^^^^^^^^^^^^^^^^^^^^^^^^^
  File "C:\Users\15135\Documents\microblog\app\routes.py", line 57, in login
    return render_template('login.html', title='Sign In', form=form)
           ^^^^^^^^^^^^^^^^^^^^^^^^^^^^^^^^^^^^^^^^^^^^^^^^^^^^^^^^^
  File "C:\Users\15135\Documents\microblog\Lib\site-packages\flask\templating.py", line 152, in render_template
    return _render(app, template, context)
           ^^^^^^^^^^^^^^^^^^^^^^^^^^^^^^^
  File "C:\Users\15135\Documents\microblog\Lib\site-packages\flask\templating.py", line 133, in _render
    rv = template.render(context)
         ^^^^^^^^^^^^^^^^^^^^^^^^
  File "C:\Users\15135\Documents\microblog\Lib\site-packages\jinja2\environment.py", line 1301, in render
    self.environment.handle_exception()
  File "C:\Users\15135\Documents\microblog\Lib\site-packages\jinja2\environment.py", line 936, in handle_exception
    raise rewrite_traceback_stack(source=source)
  File "C:\Users\15135\Documents\microblog\app\templates\login.html", line 1, in top-level template code
    {% extends "base.html" %}
  File "C:\Users\15135\Documents\microblog\app\templates\base.html", line 32, in top-level template code
    {% block content %}{% endblock %}
    ^^^^^^^^^^^^^^^^^^^^^^^^^
  File "C:\Users\15135\Documents\microblog\app\templates\login.html", line 27, in block 'content'
    <a href="{{ url_for('reset_password_request') }}">Click to Reset It</a>
    ^^^^^^^^^^^^^^^^^^^^^^^^^
  File "C:\Users\15135\Documents\microblog\Lib\site-packages\flask\app.py", line 1071, in url_for
    return self.handle_url_build_error(error, endpoint, values)
           ^^^^^^^^^^^^^^^^^^^^^^^^^^^^^^^^^^^^^^^^^^^^^^^^^^^^
  File "C:\Users\15135\Documents\microblog\Lib\site-packages\flask\app.py", line 1060, in url_for
    rv = url_adapter.build(  # type: ignore[union-attr]
         ^^^^^^^^^^^^^^^^^^^^^^^^^^^^^^^^^^^^^^^^^^^^^^
  File "C:\Users\15135\Documents\microblog\Lib\site-packages\werkzeug\routing\map.py", line 919, in build
    raise BuildError(endpoint, values, method, self)
werkzeug.routing.exceptions.BuildError: Could not build url for endpoint 'reset_password_request'. Did you mean 'edit_profile' instead?
2024-02-05 16:08:11,282 INFO: Microblog startup [in C:\Users\15135\Documents\microblog\app\__init__.py:79]
2024-02-05 16:23:55,892 INFO: Microblog startup [in C:\Users\15135\Documents\microblog\app\__init__.py:79]
